<?xml version="1.0" encoding="UTF-8"?>
<testsuite name="edu.jsu.mcis.TicTacToeTest" tests="3" skipped="0" failures="0" errors="0" timestamp="2014-09-04T08:12:49" hostname="Ian-PC" time="0.015">
  <properties/>
  <testcase name="testForceATie" classname="edu.jsu.mcis.TicTacToeTest" time="0.015"/>
  <testcase name="testWinHorizontallyAsO" classname="edu.jsu.mcis.TicTacToeTest" time="0.0"/>
  <testcase name="testWinDiagonallyAsX" classname="edu.jsu.mcis.TicTacToeTest" time="0.0"/>
  <system-out><![CDATA[]]></system-out>
  <system-err><![CDATA[]]></system-err>
</testsuite>
