<?xml version="1.0" encoding="UTF-8"?>
<testsuite name="edu.jsu.mcis.TicTacToeTest" tests="2" skipped="0" failures="0" errors="0" timestamp="2014-09-03T02:37:08" hostname="Ian-PC" time="0.005">
  <properties/>
  <testcase name="testReverseIt" classname="edu.jsu.mcis.TicTacToeTest" time="0.004"/>
  <testcase name="testShowIt" classname="edu.jsu.mcis.TicTacToeTest" time="0.0"/>
  <system-out><![CDATA[]]></system-out>
  <system-err><![CDATA[]]></system-err>
</testsuite>
