<?xml version="1.0" encoding="UTF-8"?>
<testsuite name="edu.jsu.mcis.TicTacToeTest" tests="9" skipped="0" failures="0" errors="0" timestamp="2014-09-18T00:47:42" hostname="Myles-PC" time="0.013">
  <properties/>
  <testcase name="testColWinLeftAsO" classname="edu.jsu.mcis.TicTacToeTest" time="0.006"/>
  <testcase name="testColWinRightAsX" classname="edu.jsu.mcis.TicTacToeTest" time="0.0"/>
  <testcase name="testRowWinMidAsO" classname="edu.jsu.mcis.TicTacToeTest" time="0.0"/>
  <testcase name="testRowWinTopAsX" classname="edu.jsu.mcis.TicTacToeTest" time="0.001"/>
  <testcase name="testColWinMidAsO" classname="edu.jsu.mcis.TicTacToeTest" time="0.001"/>
  <testcase name="testMarkLocation" classname="edu.jsu.mcis.TicTacToeTest" time="0.0"/>
  <testcase name="testReverseDiagWinAsO" classname="edu.jsu.mcis.TicTacToeTest" time="0.0"/>
  <testcase name="testDiagWinAsX" classname="edu.jsu.mcis.TicTacToeTest" time="0.0"/>
  <testcase name="testRowWinBottomAsX" classname="edu.jsu.mcis.TicTacToeTest" time="0.001"/>
  <system-out><![CDATA[]]></system-out>
  <system-err><![CDATA[]]></system-err>
</testsuite>
